[debug] [2021-12-05T03:23:56.499Z] ----------------------------------------------------------------------
[debug] [2021-12-05T03:23:56.504Z] Command:       C:\Program Files\nodejs\node.exe C:\Users\ACER\AppData\Roaming\npm\node_modules\firebase-tools\lib\bin\firebase.js deploy
[debug] [2021-12-05T03:23:56.505Z] CLI Version:   9.21.0
[debug] [2021-12-05T03:23:56.505Z] Platform:      win32
[debug] [2021-12-05T03:23:56.506Z] Node Version:  v16.13.0
[debug] [2021-12-05T03:23:56.511Z] Time:          Sun Dec 05 2021 08:53:56 GMT+0530 (India Standard Time)
[debug] [2021-12-05T03:23:56.511Z] ----------------------------------------------------------------------
[debug] 
[debug] [2021-12-05T03:23:56.531Z] >>> [apiv2][query] GET https://firebase-public.firebaseio.com/cli.json [none]
[debug] [2021-12-05T03:23:56.792Z] > command requires scopes: ["email","openid","https://www.googleapis.com/auth/cloudplatformprojects.readonly","https://www.googleapis.com/auth/firebase","https://www.googleapis.com/auth/cloud-platform"]
[debug] [2021-12-05T03:23:56.792Z] > authorizing via signed-in user (ammarraneez@gmail.com)
[debug] [2021-12-05T03:23:56.793Z] [iam] checking project amirah-gems-official-server for permissions ["firebase.projects.get","firebasehosting.sites.update"]
[debug] [2021-12-05T03:23:56.797Z] > refreshing access token with scopes: ["email","https://www.googleapis.com/auth/cloud-platform","https://www.googleapis.com/auth/cloudplatformprojects.readonly","https://www.googleapis.com/auth/firebase","openid"]
[debug] [2021-12-05T03:23:56.798Z] >>> HTTP REQUEST POST https://www.googleapis.com/oauth2/v3/token  
 <request body omitted>
[debug] [2021-12-05T03:23:57.212Z] <<< HTTP RESPONSE 200 {"cache-control":"no-cache, no-store, max-age=0, must-revalidate","date":"Sun, 05 Dec 2021 03:23:57 GMT","pragma":"no-cache","expires":"Mon, 01 Jan 1990 00:00:00 GMT","content-type":"application/json; charset=utf-8","vary":"X-Origin, Referer, Origin,Accept-Encoding","server":"scaffolding on HTTPServer2","x-xss-protection":"0","x-frame-options":"SAMEORIGIN","x-content-type-options":"nosniff","alt-svc":"h3=\":443\"; ma=2592000,h3-29=\":443\"; ma=2592000,h3-Q050=\":443\"; ma=2592000,h3-Q046=\":443\"; ma=2592000,h3-Q043=\":443\"; ma=2592000,quic=\":443\"; ma=2592000; v=\"46,43\"","accept-ranges":"none","transfer-encoding":"chunked"}
[debug] [2021-12-05T03:23:57.262Z] >>> HTTP REQUEST POST https://cloudresourcemanager.googleapis.com/v1/projects/amirah-gems-official-server:testIamPermissions  
 {"permissions":["firebase.projects.get","firebasehosting.sites.update"]}
[debug] [2021-12-05T03:23:57.904Z] <<< [apiv2][status] GET https://firebase-public.firebaseio.com/cli.json 200
[debug] [2021-12-05T03:23:57.905Z] <<< [apiv2][body] GET https://firebase-public.firebaseio.com/cli.json {"cloudBuildErrorAfter":1594252800000,"cloudBuildWarnAfter":1590019200000,"defaultNode10After":1594252800000,"minVersion":"3.0.5","node8DeploysDisabledAfter":1613390400000,"node8RuntimeDisabledAfter":1615809600000,"node8WarnAfter":1600128000000}
[debug] [2021-12-05T03:23:59.026Z] <<< HTTP RESPONSE 200 {"content-type":"application/json; charset=UTF-8","vary":"X-Origin, Referer, Origin,Accept-Encoding","date":"Sun, 05 Dec 2021 03:23:59 GMT","server":"ESF","cache-control":"private","x-xss-protection":"0","x-frame-options":"SAMEORIGIN","x-content-type-options":"nosniff","server-timing":"gfet4t7; dur=1371","alt-svc":"h3=\":443\"; ma=2592000,h3-29=\":443\"; ma=2592000,h3-Q050=\":443\"; ma=2592000,h3-Q046=\":443\"; ma=2592000,h3-Q043=\":443\"; ma=2592000,quic=\":443\"; ma=2592000; v=\"46,43\"","accept-ranges":"none","transfer-encoding":"chunked"}
[debug] [2021-12-05T03:23:59.028Z] [iam] error while checking permissions, command may fail: FirebaseError: Authorization failed. This account is missing the following required permissions on project amirah-gems-official-server:

  firebase.projects.get
  firebasehosting.sites.update
[debug] [2021-12-05T03:23:59.030Z] > refreshing access token with scopes: []
[debug] [2021-12-05T03:23:59.031Z] >>> HTTP REQUEST POST https://www.googleapis.com/oauth2/v3/token  
 <request body omitted>
[debug] [2021-12-05T03:23:59.342Z] <<< HTTP RESPONSE 200 {"expires":"Mon, 01 Jan 1990 00:00:00 GMT","cache-control":"no-cache, no-store, max-age=0, must-revalidate","date":"Sun, 05 Dec 2021 03:23:59 GMT","pragma":"no-cache","content-type":"application/json; charset=utf-8","vary":"X-Origin, Referer, Origin,Accept-Encoding","server":"scaffolding on HTTPServer2","x-xss-protection":"0","x-frame-options":"SAMEORIGIN","x-content-type-options":"nosniff","alt-svc":"h3=\":443\"; ma=2592000,h3-29=\":443\"; ma=2592000,h3-Q050=\":443\"; ma=2592000,h3-Q046=\":443\"; ma=2592000,h3-Q043=\":443\"; ma=2592000,quic=\":443\"; ma=2592000; v=\"46,43\"","accept-ranges":"none","transfer-encoding":"chunked"}
[debug] [2021-12-05T03:23:59.383Z] >>> [apiv2][query] GET https://firebase.googleapis.com/v1beta1/projects/amirah-gems-official-server [none]
[debug] [2021-12-05T03:24:00.073Z] <<< [apiv2][status] GET https://firebase.googleapis.com/v1beta1/projects/amirah-gems-official-server 403
[debug] [2021-12-05T03:24:00.074Z] <<< [apiv2][body] GET https://firebase.googleapis.com/v1beta1/projects/amirah-gems-official-server {"error":{"code":403,"message":"The caller does not have permission","status":"PERMISSION_DENIED"}}
[debug] [2021-12-05T03:24:00.076Z] HTTP Error: 403, The caller does not have permission
[debug] [2021-12-05T03:24:00.083Z] FirebaseError: HTTP Error: 403, The caller does not have permission
    at module.exports (C:\Users\ACER\AppData\Roaming\npm\node_modules\firebase-tools\lib\responseToError.js:38:12)
    at Client.doRequest (C:\Users\ACER\AppData\Roaming\npm\node_modules\firebase-tools\lib\apiv2.js:240:23)
    at processTicksAndRejections (node:internal/process/task_queues:96:5)
    at async Client.request (C:\Users\ACER\AppData\Roaming\npm\node_modules\firebase-tools\lib\apiv2.js:96:20)
    at async Object.getFirebaseProject (C:\Users\ACER\AppData\Roaming\npm\node_modules\firebase-tools\lib\management\projects.js:290:21)
    at async Object.getDefaultHostingSite (C:\Users\ACER\AppData\Roaming\npm\node_modules\firebase-tools\lib\getDefaultHostingSite.js:8:21)
    at async requireHostingSite (C:\Users\ACER\AppData\Roaming\npm\node_modules\firebase-tools\lib\requireHostingSite.js:9:18)
    at async Object.fn (C:\Users\ACER\AppData\Roaming\npm\node_modules\firebase-tools\lib\commands\deploy.js:65:9)
    at async C:\Users\ACER\AppData\Roaming\npm\node_modules\firebase-tools\lib\command.js:188:17
[error] 
[error] Error: Failed to get Firebase project amirah-gems-official-server. Please make sure the project exists and your account has permission to access it.
